<?xml version="1.0" encoding="UTF-8"?>
<!-- Generated by org.testng.reporters.JUnitReportReporter -->
<testsuite skipped="0" hostname="DESKTOP-RU7T28A" name="com.IntegrationTests.IntegrationTestsCommentsValidations1" tests="1" failures="0" timestamp="27 Jan 2020 07:08:54 GMT" time="24.013" errors="0">
  <testcase name="testValidateCommentsEmailByUserName" time="24.013" classname="com.IntegrationTests.IntegrationTestsCommentsValidations1"/>
</testsuite> <!-- com.IntegrationTests.IntegrationTestsCommentsValidations1 -->
