<?xml version="1.0" encoding="UTF-8"?>
<!-- Generated by org.testng.reporters.JUnitReportReporter -->
<testsuite skipped="0" hostname="DESKTOP-RU7T28A" name="com.testcases.CommentsTestCases" tests="1" failures="0" timestamp="27 Jan 2020 15:43:44 GMT" time="1.713" errors="0">
  <testcase name="testValidateCommentNotExist" time="1.713" classname="com.testcases.CommentsTestCases"/>
</testsuite> <!-- com.testcases.CommentsTestCases -->
