<?xml version="1.0" encoding="UTF-8"?>
<!-- Generated by org.testng.reporters.JUnitReportReporter -->
<testsuite skipped="1" hostname="DESKTOP-RU7T28A" name="com.IntegrationTests.IntegrationTestsCommentsValidations" tests="1" failures="0" timestamp="27 Jan 2020 07:29:40 GMT" time="0.000" errors="0">
  <testcase name="testValidateCommentsEmailByUserName1" time="0.000" classname="com.IntegrationTests.IntegrationTestsCommentsValidations">
    <skipped/>
  </testcase> <!-- testValidateCommentsEmailByUserName1 -->
</testsuite> <!-- com.IntegrationTests.IntegrationTestsCommentsValidations -->
