<?xml version="1.0" encoding="UTF-8"?>
<!-- Generated by org.testng.reporters.JUnitReportReporter -->
<testsuite skipped="0" hostname="DESKTOP-RU7T28A" name="com.testcases.PostsTestCases" tests="1" failures="0" timestamp="26 Jan 2020 18:27:34 GMT" time="5.370" errors="0">
  <testcase name="testValidatePostNotExist" time="5.370" classname="com.testcases.PostsTestCases"/>
</testsuite> <!-- com.testcases.PostsTestCases -->
