<?xml version="1.0" encoding="UTF-8"?>
<!-- Generated by org.testng.reporters.JUnitReportReporter -->
<testsuite skipped="0" hostname="DESKTOP-RU7T28A" name="com.testcases.integrationTests.IntegrationTestsCommentsValidations" tests="1" failures="0" timestamp="27 Jan 2020 18:48:37 GMT" time="22.771" errors="0">
  <testcase name="testValidateCommentsEmailByUserName" time="22.771" classname="com.testcases.integrationTests.IntegrationTestsCommentsValidations"/>
</testsuite> <!-- com.testcases.integrationTests.IntegrationTestsCommentsValidations -->
